f:\vs projects\box2dgame\game\x64\debug\game.pch
f:\vs projects\box2dgame\game\x64\debug\vc141.pdb
f:\vs projects\box2dgame\game\x64\debug\vc141.idb
f:\vs projects\box2dgame\game\x64\debug\stdafx.obj
f:\vs projects\box2dgame\game\x64\debug\game.obj
f:\vs projects\box2dgame\game\x64\debug\world.obj
f:\vs projects\box2dgame\x64\debug\game.pdb
f:\vs projects\box2dgame\game\x64\debug\game.tlog\cl.command.1.tlog
f:\vs projects\box2dgame\game\x64\debug\game.tlog\cl.read.1.tlog
f:\vs projects\box2dgame\game\x64\debug\game.tlog\cl.write.1.tlog
f:\vs projects\box2dgame\game\x64\debug\game.tlog\link-cvtres.read.1.tlog
f:\vs projects\box2dgame\game\x64\debug\game.tlog\link-cvtres.write.1.tlog
f:\vs projects\box2dgame\game\x64\debug\game.tlog\link-rc.read.1.tlog
f:\vs projects\box2dgame\game\x64\debug\game.tlog\link-rc.write.1.tlog
f:\vs projects\box2dgame\game\x64\debug\game.tlog\link.9164-cvtres.read.1.tlog
f:\vs projects\box2dgame\game\x64\debug\game.tlog\link.9164-cvtres.write.1.tlog
f:\vs projects\box2dgame\game\x64\debug\game.tlog\link.9164-rc.read.1.tlog
f:\vs projects\box2dgame\game\x64\debug\game.tlog\link.9164-rc.write.1.tlog
f:\vs projects\box2dgame\game\x64\debug\game.tlog\link.9164.read.1.tlog
f:\vs projects\box2dgame\game\x64\debug\game.tlog\link.9164.write.1.tlog
f:\vs projects\box2dgame\game\x64\debug\game.tlog\link.command.1.tlog
f:\vs projects\box2dgame\game\x64\debug\game.tlog\link.read.1.tlog
f:\vs projects\box2dgame\game\x64\debug\game.tlog\link.write.1.tlog
